<?xml version="1.0" encoding="UTF-8"?>
<testsuite xmlns:xsi="http://www.w3.org/2001/XMLSchema-instance" xsi:noNamespaceSchemaLocation="https://maven.apache.org/surefire/maven-surefire-plugin/xsd/surefire-test-report-3.0.xsd" version="3.0" name="TestSuite" time="10.402" tests="1" errors="0" skipped="0" failures="0">
  <properties>
    <property name="java.specification.version" value="17"/>
    <property name="sun.jnu.encoding" value="UTF-8"/>
    <property name="java.class.path" value="/home/cyber/Documents/practice/selenium/selenium-web-test-framework/target/test-classes:/home/cyber/Documents/practice/selenium/selenium-web-test-framework/target/classes:/home/cyber/.m2/repository/org/seleniumhq/selenium/selenium-java/4.24.0/selenium-java-4.24.0.jar:/home/cyber/.m2/repository/org/seleniumhq/selenium/selenium-api/4.24.0/selenium-api-4.24.0.jar:/home/cyber/.m2/repository/org/jspecify/jspecify/1.0.0/jspecify-1.0.0.jar:/home/cyber/.m2/repository/org/seleniumhq/selenium/selenium-chrome-driver/4.24.0/selenium-chrome-driver-4.24.0.jar:/home/cyber/.m2/repository/com/google/auto/service/auto-service-annotations/1.1.1/auto-service-annotations-1.1.1.jar:/home/cyber/.m2/repository/org/seleniumhq/selenium/selenium-chromium-driver/4.24.0/selenium-chromium-driver-4.24.0.jar:/home/cyber/.m2/repository/org/seleniumhq/selenium/selenium-json/4.24.0/selenium-json-4.24.0.jar:/home/cyber/.m2/repository/org/seleniumhq/selenium/selenium-manager/4.24.0/selenium-manager-4.24.0.jar:/home/cyber/.m2/repository/org/seleniumhq/selenium/selenium-devtools-v126/4.24.0/selenium-devtools-v126-4.24.0.jar:/home/cyber/.m2/repository/org/seleniumhq/selenium/selenium-devtools-v127/4.24.0/selenium-devtools-v127-4.24.0.jar:/home/cyber/.m2/repository/org/seleniumhq/selenium/selenium-devtools-v128/4.24.0/selenium-devtools-v128-4.24.0.jar:/home/cyber/.m2/repository/org/seleniumhq/selenium/selenium-devtools-v85/4.24.0/selenium-devtools-v85-4.24.0.jar:/home/cyber/.m2/repository/org/seleniumhq/selenium/selenium-edge-driver/4.24.0/selenium-edge-driver-4.24.0.jar:/home/cyber/.m2/repository/org/seleniumhq/selenium/selenium-firefox-driver/4.24.0/selenium-firefox-driver-4.24.0.jar:/home/cyber/.m2/repository/org/seleniumhq/selenium/selenium-http/4.24.0/selenium-http-4.24.0.jar:/home/cyber/.m2/repository/dev/failsafe/failsafe/3.3.2/failsafe-3.3.2.jar:/home/cyber/.m2/repository/org/seleniumhq/selenium/selenium-ie-driver/4.24.0/selenium-ie-driver-4.24.0.jar:/home/cyber/.m2/repository/org/seleniumhq/selenium/selenium-remote-driver/4.24.0/selenium-remote-driver-4.24.0.jar:/home/cyber/.m2/repository/com/google/guava/guava/33.3.0-jre/guava-33.3.0-jre.jar:/home/cyber/.m2/repository/com/google/guava/failureaccess/1.0.2/failureaccess-1.0.2.jar:/home/cyber/.m2/repository/com/google/guava/listenablefuture/9999.0-empty-to-avoid-conflict-with-guava/listenablefuture-9999.0-empty-to-avoid-conflict-with-guava.jar:/home/cyber/.m2/repository/com/google/code/findbugs/jsr305/3.0.2/jsr305-3.0.2.jar:/home/cyber/.m2/repository/org/checkerframework/checker-qual/3.43.0/checker-qual-3.43.0.jar:/home/cyber/.m2/repository/com/google/errorprone/error_prone_annotations/2.28.0/error_prone_annotations-2.28.0.jar:/home/cyber/.m2/repository/com/google/j2objc/j2objc-annotations/3.0.0/j2objc-annotations-3.0.0.jar:/home/cyber/.m2/repository/io/opentelemetry/semconv/opentelemetry-semconv/1.25.0-alpha/opentelemetry-semconv-1.25.0-alpha.jar:/home/cyber/.m2/repository/io/opentelemetry/opentelemetry-api/1.41.0/opentelemetry-api-1.41.0.jar:/home/cyber/.m2/repository/io/opentelemetry/opentelemetry-context/1.41.0/opentelemetry-context-1.41.0.jar:/home/cyber/.m2/repository/io/opentelemetry/opentelemetry-exporter-logging/1.41.0/opentelemetry-exporter-logging-1.41.0.jar:/home/cyber/.m2/repository/io/opentelemetry/opentelemetry-sdk-common/1.41.0/opentelemetry-sdk-common-1.41.0.jar:/home/cyber/.m2/repository/io/opentelemetry/opentelemetry-sdk-extension-autoconfigure-spi/1.41.0/opentelemetry-sdk-extension-autoconfigure-spi-1.41.0.jar:/home/cyber/.m2/repository/io/opentelemetry/opentelemetry-sdk-extension-autoconfigure/1.41.0/opentelemetry-sdk-extension-autoconfigure-1.41.0.jar:/home/cyber/.m2/repository/io/opentelemetry/opentelemetry-api-incubator/1.41.0-alpha/opentelemetry-api-incubator-1.41.0-alpha.jar:/home/cyber/.m2/repository/io/opentelemetry/opentelemetry-sdk-trace/1.41.0/opentelemetry-sdk-trace-1.41.0.jar:/home/cyber/.m2/repository/io/opentelemetry/opentelemetry-sdk/1.41.0/opentelemetry-sdk-1.41.0.jar:/home/cyber/.m2/repository/io/opentelemetry/opentelemetry-sdk-metrics/1.41.0/opentelemetry-sdk-metrics-1.41.0.jar:/home/cyber/.m2/repository/io/opentelemetry/opentelemetry-sdk-logs/1.41.0/opentelemetry-sdk-logs-1.41.0.jar:/home/cyber/.m2/repository/net/bytebuddy/byte-buddy/1.15.0/byte-buddy-1.15.0.jar:/home/cyber/.m2/repository/org/seleniumhq/selenium/selenium-os/4.24.0/selenium-os-4.24.0.jar:/home/cyber/.m2/repository/org/apache/commons/commons-exec/1.4.0/commons-exec-1.4.0.jar:/home/cyber/.m2/repository/org/seleniumhq/selenium/selenium-safari-driver/4.24.0/selenium-safari-driver-4.24.0.jar:/home/cyber/.m2/repository/org/seleniumhq/selenium/selenium-support/4.24.0/selenium-support-4.24.0.jar:/home/cyber/.m2/repository/org/testng/testng/7.10.1/testng-7.10.1.jar:/home/cyber/.m2/repository/com/beust/jcommander/1.82/jcommander-1.82.jar:/home/cyber/.m2/repository/org/webjars/jquery/3.7.1/jquery-3.7.1.jar:/home/cyber/.m2/repository/org/apache/logging/log4j/log4j-api/2.14.1/log4j-api-2.14.1.jar:/home/cyber/.m2/repository/org/apache/maven/plugins/maven-surefire-plugin/3.0.0-M5/maven-surefire-plugin-3.0.0-M5.jar:/home/cyber/.m2/repository/org/apache/maven/surefire/maven-surefire-common/3.0.0-M5/maven-surefire-common-3.0.0-M5.jar:/home/cyber/.m2/repository/org/apache/maven/surefire/surefire-api/3.0.0-M5/surefire-api-3.0.0-M5.jar:/home/cyber/.m2/repository/org/apache/maven/surefire/surefire-logger-api/3.0.0-M5/surefire-logger-api-3.0.0-M5.jar:/home/cyber/.m2/repository/org/apache/maven/surefire/surefire-extensions-api/3.0.0-M5/surefire-extensions-api-3.0.0-M5.jar:/home/cyber/.m2/repository/org/apache/maven/surefire/surefire-booter/3.0.0-M5/surefire-booter-3.0.0-M5.jar:/home/cyber/.m2/repository/org/apache/maven/surefire/surefire-extensions-spi/3.0.0-M5/surefire-extensions-spi-3.0.0-M5.jar:/home/cyber/.m2/repository/org/apache/maven/maven-toolchain/3.0-alpha-2/maven-toolchain-3.0-alpha-2.jar:/home/cyber/.m2/repository/org/apache/maven/shared/maven-artifact-transfer/0.11.0/maven-artifact-transfer-0.11.0.jar:/home/cyber/.m2/repository/org/apache/maven/shared/maven-common-artifact-filters/3.0.1/maven-common-artifact-filters-3.0.1.jar:/home/cyber/.m2/repository/org/apache/maven/maven-model/3.0/maven-model-3.0.jar:/home/cyber/.m2/repository/org/apache/maven/maven-plugin-api/3.0/maven-plugin-api-3.0.jar:/home/cyber/.m2/repository/org/sonatype/sisu/sisu-inject-plexus/1.4.2/sisu-inject-plexus-1.4.2.jar:/home/cyber/.m2/repository/org/codehaus/plexus/plexus-classworlds/2.2.3/plexus-classworlds-2.2.3.jar:/home/cyber/.m2/repository/org/sonatype/sisu/sisu-inject-bean/1.4.2/sisu-inject-bean-1.4.2.jar:/home/cyber/.m2/repository/org/sonatype/sisu/sisu-guice/2.1.7/sisu-guice-2.1.7-noaop.jar:/home/cyber/.m2/repository/org/apache/maven/shared/maven-shared-utils/3.1.0/maven-shared-utils-3.1.0.jar:/home/cyber/.m2/repository/commons-io/commons-io/2.5/commons-io-2.5.jar:/home/cyber/.m2/repository/commons-codec/commons-codec/1.11/commons-codec-1.11.jar:/home/cyber/.m2/repository/org/codehaus/plexus/plexus-java/1.0.5/plexus-java-1.0.5.jar:/home/cyber/.m2/repository/org/ow2/asm/asm/7.2/asm-7.2.jar:/home/cyber/.m2/repository/com/thoughtworks/qdox/qdox/2.0-M9/qdox-2.0-M9.jar:/home/cyber/.m2/repository/org/apache/maven/surefire/surefire-shared-utils/3.0.0-M4/surefire-shared-utils-3.0.0-M4.jar:/home/cyber/.m2/repository/org/asynchttpclient/async-http-client/2.12.3/async-http-client-2.12.3.jar:/home/cyber/.m2/repository/org/asynchttpclient/async-http-client-netty-utils/2.12.3/async-http-client-netty-utils-2.12.3.jar:/home/cyber/.m2/repository/io/netty/netty-buffer/4.1.60.Final/netty-buffer-4.1.60.Final.jar:/home/cyber/.m2/repository/io/netty/netty-codec-http/4.1.60.Final/netty-codec-http-4.1.60.Final.jar:/home/cyber/.m2/repository/io/netty/netty-common/4.1.60.Final/netty-common-4.1.60.Final.jar:/home/cyber/.m2/repository/io/netty/netty-transport/4.1.60.Final/netty-transport-4.1.60.Final.jar:/home/cyber/.m2/repository/io/netty/netty-codec/4.1.60.Final/netty-codec-4.1.60.Final.jar:/home/cyber/.m2/repository/io/netty/netty-handler/4.1.60.Final/netty-handler-4.1.60.Final.jar:/home/cyber/.m2/repository/io/netty/netty-resolver/4.1.60.Final/netty-resolver-4.1.60.Final.jar:/home/cyber/.m2/repository/io/netty/netty-codec-socks/4.1.60.Final/netty-codec-socks-4.1.60.Final.jar:/home/cyber/.m2/repository/io/netty/netty-handler-proxy/4.1.60.Final/netty-handler-proxy-4.1.60.Final.jar:/home/cyber/.m2/repository/io/netty/netty-transport-native-epoll/4.1.60.Final/netty-transport-native-epoll-4.1.60.Final-linux-x86_64.jar:/home/cyber/.m2/repository/io/netty/netty-transport-native-unix-common/4.1.60.Final/netty-transport-native-unix-common-4.1.60.Final.jar:/home/cyber/.m2/repository/io/netty/netty-transport-native-kqueue/4.1.60.Final/netty-transport-native-kqueue-4.1.60.Final-osx-x86_64.jar:/home/cyber/.m2/repository/org/reactivestreams/reactive-streams/1.0.3/reactive-streams-1.0.3.jar:/home/cyber/.m2/repository/com/typesafe/netty/netty-reactive-streams/2.0.4/netty-reactive-streams-2.0.4.jar:/home/cyber/.m2/repository/com/sun/activation/jakarta.activation/1.2.2/jakarta.activation-1.2.2.jar:/home/cyber/.m2/repository/org/slf4j/slf4j-api/2.0.0-alpha1/slf4j-api-2.0.0-alpha1.jar:/home/cyber/.m2/repository/org/slf4j/slf4j-simple/2.0.0-alpha1/slf4j-simple-2.0.0-alpha1.jar:"/>
    <property name="java.vm.vendor" value="Ubuntu"/>
    <property name="sun.arch.data.model" value="64"/>
    <property name="java.vendor.url" value="https://ubuntu.com/"/>
    <property name="user.timezone" value="Asia/Kolkata"/>
    <property name="suiteXmlFile" value="src/test/resources/testng.xml"/>
    <property name="os.name" value="Linux"/>
    <property name="java.vm.specification.version" value="17"/>
    <property name="sun.java.launcher" value="SUN_STANDARD"/>
    <property name="user.country" value="IN"/>
    <property name="sun.boot.library.path" value="/usr/lib/jvm/java-17-openjdk-amd64/lib"/>
    <property name="sun.java.command" value="/home/cyber/Documents/practice/selenium/selenium-web-test-framework/target/surefire/surefirebooter1154480294272009910.jar /home/cyber/Documents/practice/selenium/selenium-web-test-framework/target/surefire 2025-01-16T13-23-13_054-jvmRun1 surefire12842311678104350952tmp surefire_06053023020793295769tmp"/>
    <property name="jdk.debug" value="release"/>
    <property name="surefire.test.class.path" value="/home/cyber/Documents/practice/selenium/selenium-web-test-framework/target/test-classes:/home/cyber/Documents/practice/selenium/selenium-web-test-framework/target/classes:/home/cyber/.m2/repository/org/seleniumhq/selenium/selenium-java/4.24.0/selenium-java-4.24.0.jar:/home/cyber/.m2/repository/org/seleniumhq/selenium/selenium-api/4.24.0/selenium-api-4.24.0.jar:/home/cyber/.m2/repository/org/jspecify/jspecify/1.0.0/jspecify-1.0.0.jar:/home/cyber/.m2/repository/org/seleniumhq/selenium/selenium-chrome-driver/4.24.0/selenium-chrome-driver-4.24.0.jar:/home/cyber/.m2/repository/com/google/auto/service/auto-service-annotations/1.1.1/auto-service-annotations-1.1.1.jar:/home/cyber/.m2/repository/org/seleniumhq/selenium/selenium-chromium-driver/4.24.0/selenium-chromium-driver-4.24.0.jar:/home/cyber/.m2/repository/org/seleniumhq/selenium/selenium-json/4.24.0/selenium-json-4.24.0.jar:/home/cyber/.m2/repository/org/seleniumhq/selenium/selenium-manager/4.24.0/selenium-manager-4.24.0.jar:/home/cyber/.m2/repository/org/seleniumhq/selenium/selenium-devtools-v126/4.24.0/selenium-devtools-v126-4.24.0.jar:/home/cyber/.m2/repository/org/seleniumhq/selenium/selenium-devtools-v127/4.24.0/selenium-devtools-v127-4.24.0.jar:/home/cyber/.m2/repository/org/seleniumhq/selenium/selenium-devtools-v128/4.24.0/selenium-devtools-v128-4.24.0.jar:/home/cyber/.m2/repository/org/seleniumhq/selenium/selenium-devtools-v85/4.24.0/selenium-devtools-v85-4.24.0.jar:/home/cyber/.m2/repository/org/seleniumhq/selenium/selenium-edge-driver/4.24.0/selenium-edge-driver-4.24.0.jar:/home/cyber/.m2/repository/org/seleniumhq/selenium/selenium-firefox-driver/4.24.0/selenium-firefox-driver-4.24.0.jar:/home/cyber/.m2/repository/org/seleniumhq/selenium/selenium-http/4.24.0/selenium-http-4.24.0.jar:/home/cyber/.m2/repository/dev/failsafe/failsafe/3.3.2/failsafe-3.3.2.jar:/home/cyber/.m2/repository/org/seleniumhq/selenium/selenium-ie-driver/4.24.0/selenium-ie-driver-4.24.0.jar:/home/cyber/.m2/repository/org/seleniumhq/selenium/selenium-remote-driver/4.24.0/selenium-remote-driver-4.24.0.jar:/home/cyber/.m2/repository/com/google/guava/guava/33.3.0-jre/guava-33.3.0-jre.jar:/home/cyber/.m2/repository/com/google/guava/failureaccess/1.0.2/failureaccess-1.0.2.jar:/home/cyber/.m2/repository/com/google/guava/listenablefuture/9999.0-empty-to-avoid-conflict-with-guava/listenablefuture-9999.0-empty-to-avoid-conflict-with-guava.jar:/home/cyber/.m2/repository/com/google/code/findbugs/jsr305/3.0.2/jsr305-3.0.2.jar:/home/cyber/.m2/repository/org/checkerframework/checker-qual/3.43.0/checker-qual-3.43.0.jar:/home/cyber/.m2/repository/com/google/errorprone/error_prone_annotations/2.28.0/error_prone_annotations-2.28.0.jar:/home/cyber/.m2/repository/com/google/j2objc/j2objc-annotations/3.0.0/j2objc-annotations-3.0.0.jar:/home/cyber/.m2/repository/io/opentelemetry/semconv/opentelemetry-semconv/1.25.0-alpha/opentelemetry-semconv-1.25.0-alpha.jar:/home/cyber/.m2/repository/io/opentelemetry/opentelemetry-api/1.41.0/opentelemetry-api-1.41.0.jar:/home/cyber/.m2/repository/io/opentelemetry/opentelemetry-context/1.41.0/opentelemetry-context-1.41.0.jar:/home/cyber/.m2/repository/io/opentelemetry/opentelemetry-exporter-logging/1.41.0/opentelemetry-exporter-logging-1.41.0.jar:/home/cyber/.m2/repository/io/opentelemetry/opentelemetry-sdk-common/1.41.0/opentelemetry-sdk-common-1.41.0.jar:/home/cyber/.m2/repository/io/opentelemetry/opentelemetry-sdk-extension-autoconfigure-spi/1.41.0/opentelemetry-sdk-extension-autoconfigure-spi-1.41.0.jar:/home/cyber/.m2/repository/io/opentelemetry/opentelemetry-sdk-extension-autoconfigure/1.41.0/opentelemetry-sdk-extension-autoconfigure-1.41.0.jar:/home/cyber/.m2/repository/io/opentelemetry/opentelemetry-api-incubator/1.41.0-alpha/opentelemetry-api-incubator-1.41.0-alpha.jar:/home/cyber/.m2/repository/io/opentelemetry/opentelemetry-sdk-trace/1.41.0/opentelemetry-sdk-trace-1.41.0.jar:/home/cyber/.m2/repository/io/opentelemetry/opentelemetry-sdk/1.41.0/opentelemetry-sdk-1.41.0.jar:/home/cyber/.m2/repository/io/opentelemetry/opentelemetry-sdk-metrics/1.41.0/opentelemetry-sdk-metrics-1.41.0.jar:/home/cyber/.m2/repository/io/opentelemetry/opentelemetry-sdk-logs/1.41.0/opentelemetry-sdk-logs-1.41.0.jar:/home/cyber/.m2/repository/net/bytebuddy/byte-buddy/1.15.0/byte-buddy-1.15.0.jar:/home/cyber/.m2/repository/org/seleniumhq/selenium/selenium-os/4.24.0/selenium-os-4.24.0.jar:/home/cyber/.m2/repository/org/apache/commons/commons-exec/1.4.0/commons-exec-1.4.0.jar:/home/cyber/.m2/repository/org/seleniumhq/selenium/selenium-safari-driver/4.24.0/selenium-safari-driver-4.24.0.jar:/home/cyber/.m2/repository/org/seleniumhq/selenium/selenium-support/4.24.0/selenium-support-4.24.0.jar:/home/cyber/.m2/repository/org/testng/testng/7.10.1/testng-7.10.1.jar:/home/cyber/.m2/repository/com/beust/jcommander/1.82/jcommander-1.82.jar:/home/cyber/.m2/repository/org/webjars/jquery/3.7.1/jquery-3.7.1.jar:/home/cyber/.m2/repository/org/apache/logging/log4j/log4j-api/2.14.1/log4j-api-2.14.1.jar:/home/cyber/.m2/repository/org/apache/maven/plugins/maven-surefire-plugin/3.0.0-M5/maven-surefire-plugin-3.0.0-M5.jar:/home/cyber/.m2/repository/org/apache/maven/surefire/maven-surefire-common/3.0.0-M5/maven-surefire-common-3.0.0-M5.jar:/home/cyber/.m2/repository/org/apache/maven/surefire/surefire-api/3.0.0-M5/surefire-api-3.0.0-M5.jar:/home/cyber/.m2/repository/org/apache/maven/surefire/surefire-logger-api/3.0.0-M5/surefire-logger-api-3.0.0-M5.jar:/home/cyber/.m2/repository/org/apache/maven/surefire/surefire-extensions-api/3.0.0-M5/surefire-extensions-api-3.0.0-M5.jar:/home/cyber/.m2/repository/org/apache/maven/surefire/surefire-booter/3.0.0-M5/surefire-booter-3.0.0-M5.jar:/home/cyber/.m2/repository/org/apache/maven/surefire/surefire-extensions-spi/3.0.0-M5/surefire-extensions-spi-3.0.0-M5.jar:/home/cyber/.m2/repository/org/apache/maven/maven-toolchain/3.0-alpha-2/maven-toolchain-3.0-alpha-2.jar:/home/cyber/.m2/repository/org/apache/maven/shared/maven-artifact-transfer/0.11.0/maven-artifact-transfer-0.11.0.jar:/home/cyber/.m2/repository/org/apache/maven/shared/maven-common-artifact-filters/3.0.1/maven-common-artifact-filters-3.0.1.jar:/home/cyber/.m2/repository/org/apache/maven/maven-model/3.0/maven-model-3.0.jar:/home/cyber/.m2/repository/org/apache/maven/maven-plugin-api/3.0/maven-plugin-api-3.0.jar:/home/cyber/.m2/repository/org/sonatype/sisu/sisu-inject-plexus/1.4.2/sisu-inject-plexus-1.4.2.jar:/home/cyber/.m2/repository/org/codehaus/plexus/plexus-classworlds/2.2.3/plexus-classworlds-2.2.3.jar:/home/cyber/.m2/repository/org/sonatype/sisu/sisu-inject-bean/1.4.2/sisu-inject-bean-1.4.2.jar:/home/cyber/.m2/repository/org/sonatype/sisu/sisu-guice/2.1.7/sisu-guice-2.1.7-noaop.jar:/home/cyber/.m2/repository/org/apache/maven/shared/maven-shared-utils/3.1.0/maven-shared-utils-3.1.0.jar:/home/cyber/.m2/repository/commons-io/commons-io/2.5/commons-io-2.5.jar:/home/cyber/.m2/repository/commons-codec/commons-codec/1.11/commons-codec-1.11.jar:/home/cyber/.m2/repository/org/codehaus/plexus/plexus-java/1.0.5/plexus-java-1.0.5.jar:/home/cyber/.m2/repository/org/ow2/asm/asm/7.2/asm-7.2.jar:/home/cyber/.m2/repository/com/thoughtworks/qdox/qdox/2.0-M9/qdox-2.0-M9.jar:/home/cyber/.m2/repository/org/apache/maven/surefire/surefire-shared-utils/3.0.0-M4/surefire-shared-utils-3.0.0-M4.jar:/home/cyber/.m2/repository/org/asynchttpclient/async-http-client/2.12.3/async-http-client-2.12.3.jar:/home/cyber/.m2/repository/org/asynchttpclient/async-http-client-netty-utils/2.12.3/async-http-client-netty-utils-2.12.3.jar:/home/cyber/.m2/repository/io/netty/netty-buffer/4.1.60.Final/netty-buffer-4.1.60.Final.jar:/home/cyber/.m2/repository/io/netty/netty-codec-http/4.1.60.Final/netty-codec-http-4.1.60.Final.jar:/home/cyber/.m2/repository/io/netty/netty-common/4.1.60.Final/netty-common-4.1.60.Final.jar:/home/cyber/.m2/repository/io/netty/netty-transport/4.1.60.Final/netty-transport-4.1.60.Final.jar:/home/cyber/.m2/repository/io/netty/netty-codec/4.1.60.Final/netty-codec-4.1.60.Final.jar:/home/cyber/.m2/repository/io/netty/netty-handler/4.1.60.Final/netty-handler-4.1.60.Final.jar:/home/cyber/.m2/repository/io/netty/netty-resolver/4.1.60.Final/netty-resolver-4.1.60.Final.jar:/home/cyber/.m2/repository/io/netty/netty-codec-socks/4.1.60.Final/netty-codec-socks-4.1.60.Final.jar:/home/cyber/.m2/repository/io/netty/netty-handler-proxy/4.1.60.Final/netty-handler-proxy-4.1.60.Final.jar:/home/cyber/.m2/repository/io/netty/netty-transport-native-epoll/4.1.60.Final/netty-transport-native-epoll-4.1.60.Final-linux-x86_64.jar:/home/cyber/.m2/repository/io/netty/netty-transport-native-unix-common/4.1.60.Final/netty-transport-native-unix-common-4.1.60.Final.jar:/home/cyber/.m2/repository/io/netty/netty-transport-native-kqueue/4.1.60.Final/netty-transport-native-kqueue-4.1.60.Final-osx-x86_64.jar:/home/cyber/.m2/repository/org/reactivestreams/reactive-streams/1.0.3/reactive-streams-1.0.3.jar:/home/cyber/.m2/repository/com/typesafe/netty/netty-reactive-streams/2.0.4/netty-reactive-streams-2.0.4.jar:/home/cyber/.m2/repository/com/sun/activation/jakarta.activation/1.2.2/jakarta.activation-1.2.2.jar:/home/cyber/.m2/repository/org/slf4j/slf4j-api/2.0.0-alpha1/slf4j-api-2.0.0-alpha1.jar:/home/cyber/.m2/repository/org/slf4j/slf4j-simple/2.0.0-alpha1/slf4j-simple-2.0.0-alpha1.jar:"/>
    <property name="sun.cpu.endian" value="little"/>
    <property name="user.home" value="/home/cyber"/>
    <property name="user.language" value="en"/>
    <property name="java.specification.vendor" value="Oracle Corporation"/>
    <property name="java.version.date" value="2024-10-15"/>
    <property name="java.home" value="/usr/lib/jvm/java-17-openjdk-amd64"/>
    <property name="file.separator" value="/"/>
    <property name="basedir" value="/home/cyber/Documents/practice/selenium/selenium-web-test-framework"/>
    <property name="java.vm.compressedOopsMode" value="Zero based"/>
    <property name="line.separator" value="&#10;"/>
    <property name="java.vm.specification.vendor" value="Oracle Corporation"/>
    <property name="java.specification.name" value="Java Platform API Specification"/>
    <property name="surefire.real.class.path" value="/home/cyber/Documents/practice/selenium/selenium-web-test-framework/target/surefire/surefirebooter1154480294272009910.jar"/>
    <property name="sun.management.compiler" value="HotSpot 64-Bit Tiered Compilers"/>
    <property name="java.runtime.version" value="17.0.13+11-Ubuntu-2ubuntu122.04"/>
    <property name="user.name" value="cyber"/>
    <property name="path.separator" value=":"/>
    <property name="os.version" value="6.8.0-51-generic"/>
    <property name="java.runtime.name" value="OpenJDK Runtime Environment"/>
    <property name="file.encoding" value="UTF-8"/>
    <property name="java.vm.name" value="OpenJDK 64-Bit Server VM"/>
    <property name="localRepository" value="/home/cyber/.m2/repository"/>
    <property name="java.vendor.url.bug" value="https://bugs.launchpad.net/ubuntu/+source/openjdk-17"/>
    <property name="java.io.tmpdir" value="/tmp"/>
    <property name="java.version" value="17.0.13"/>
    <property name="user.dir" value="/home/cyber/Documents/practice/selenium/selenium-web-test-framework"/>
    <property name="os.arch" value="amd64"/>
    <property name="java.vm.specification.name" value="Java Virtual Machine Specification"/>
    <property name="native.encoding" value="UTF-8"/>
    <property name="java.library.path" value="/usr/java/packages/lib:/usr/lib/x86_64-linux-gnu/jni:/lib/x86_64-linux-gnu:/usr/lib/x86_64-linux-gnu:/usr/lib/jni:/lib:/usr/lib"/>
    <property name="java.vm.info" value="mixed mode, sharing"/>
    <property name="java.vendor" value="Ubuntu"/>
    <property name="java.vm.version" value="17.0.13+11-Ubuntu-2ubuntu122.04"/>
    <property name="java.specification.maintenance.version" value="1"/>
    <property name="sun.io.unicode.encoding" value="UnicodeLittle"/>
    <property name="java.class.version" value="61.0"/>
  </properties>
  <testcase name="testGoogleSearch" classname="com.automation.tests.WebTest" time="7.177">
    <system-err><![CDATA[[main] INFO org.testng.internal.Utils - [Utils] MethodGroupsHelper.collectMethodsByGroup() took 0 ms.
[main] INFO org.testng.internal.Utils - [Utils] MethodGroupsHelper.sortMethods() took 0 ms.
[main] INFO org.testng.internal.Utils - [Utils] MethodGroupsHelper.collectMethodsByGroup() took 0 ms.
[main] INFO org.testng.internal.Utils - [Utils] MethodGroupsHelper.sortMethods() took 0 ms.
[main] INFO org.testng.internal.Utils - [Utils] MethodGroupsHelper.collectMethodsByGroup() took 0 ms.
[main] INFO org.testng.internal.Utils - [Utils] MethodGroupsHelper.sortMethods() took 0 ms.
[main] INFO org.testng.internal.Utils - [Utils] MethodGroupsHelper.collectMethodsByGroup() took 0 ms.
[main] INFO org.testng.internal.Utils - [Utils] MethodGroupsHelper.sortMethods() took 0 ms.
[main] INFO org.testng.internal.Utils - [Utils] MethodGroupsHelper.collectMethodsByGroup() took 1 ms.
[main] INFO org.testng.internal.Utils - [Utils] MethodGroupsHelper.sortMethods() took 4 ms.
[main] INFO org.testng.internal.Utils - [Utils] MethodGroupsHelper.collectMethodsByGroup() took 0 ms.
[main] INFO org.testng.internal.Utils - [Utils] MethodGroupsHelper.sortMethods() took 0 ms.
[main] INFO org.testng.internal.Utils - [Utils] MethodGroupsHelper.collectMethodsByGroup() took 0 ms.
[main] INFO org.testng.internal.Utils - [Utils] MethodGroupsHelper.sortMethods() took 0 ms.
[main] INFO org.testng.internal.Utils - [Utils] MethodGroupsHelper.collectMethodsByGroup() took 0 ms.
[main] INFO org.testng.internal.Utils - [Utils] MethodGroupsHelper.sortMethods() took 0 ms.
[main] INFO org.testng.internal.Utils - [Utils] MethodGroupsHelper.collectMethodsByGroup() took 0 ms.
[main] INFO org.testng.internal.Utils - [Utils] MethodGroupsHelper.sortMethods() took 0 ms.
[main] INFO org.testng.internal.Utils - [Utils] MethodGroupsHelper.collectMethodsByGroup() took 0 ms.
[main] INFO org.testng.internal.Utils - [Utils] MethodGroupsHelper.sortMethods() took 0 ms.
[main] INFO org.testng.internal.Utils - [Utils] MethodGroupsHelper.collectMethodsByGroup() took 0 ms.
[main] INFO org.testng.internal.Utils - [Utils] MethodGroupsHelper.sortMethods() took 0 ms.
[main] INFO org.testng.internal.Utils - [Utils] MethodGroupsHelper.collectMethodsByGroup() took 0 ms.
[main] INFO org.testng.internal.Utils - [Utils] MethodGroupsHelper.sortMethods() took 0 ms.
[main] INFO org.testng.internal.Utils - [Utils] MethodGroupsHelper.collectMethodsByGroup() took 0 ms.
[main] INFO org.testng.internal.Utils - [Utils] MethodGroupsHelper.sortMethods() took 0 ms.
[main] INFO org.testng.internal.Utils - [Utils] MethodGroupsHelper.collectMethodsByGroup() took 0 ms.
[main] INFO org.testng.internal.Utils - [Utils] MethodGroupsHelper.sortMethods() took 0 ms.
[main] INFO org.testng.internal.Utils - [Utils] MethodGroupsHelper.collectMethodsByGroup() took 0 ms.
[main] INFO org.testng.internal.Utils - [Utils] MethodGroupsHelper.sortMethods() took 0 ms.
[main] INFO org.testng.internal.Utils - [Utils] DynamicGraphHelper.createDynamicGraph() took 2 ms.
Jan 16, 2025 1:23:16 PM org.openqa.selenium.devtools.CdpVersionFinder findNearestMatch
WARNING: Unable to find an exact match for CDP version 131, returning the closest version; found: 128; Please update to a Selenium version that supports CDP version 131
]]></system-err>
  </testcase>
</testsuite>