<?xml version="1.0" encoding="UTF-8"?>
<!-- Generated by org.testng.reporters.JUnitReportReporter -->
<testsuite hostname="Cyber" failures="0" tests="1" name="com.automation.tests.WebTest" time="7.188" errors="0" timestamp="2025-01-16T13:23:23 IST" skipped="0">
  <testcase classname="com.automation.tests.WebTest" name="testGoogleSearch" time="7.188"/>
</testsuite> <!-- com.automation.tests.WebTest -->
